<?xml version="1.0" encoding="UTF-8"?>
<testng-results skipped="0" failed="1" ignored="0" total="3" passed="2">
  <reporter-output>
  </reporter-output>
  <suite name="Default suite" duration-ms="73166" started-at="2016-12-13T13:03:04Z" finished-at="2016-12-13T13:04:17Z">
    <groups>
    </groups>
    <test name="Default test" duration-ms="73166" started-at="2016-12-13T13:03:04Z" finished-at="2016-12-13T13:04:17Z">
      <class name="com.testng.SpreeTestAutomation.TestNG.CreditCardPaymentPargoTest">
        <test-method status="PASS" signature="testExcecutionStart()[pri:0, instance:com.testng.SpreeTestAutomation.TestNG.CreditCardPaymentPargoTest@57536d79]" name="testExcecutionStart" is-config="true" duration-ms="4945" started-at="2016-12-13T15:03:04Z" finished-at="2016-12-13T15:03:09Z">
          <reporter-output>
          </reporter-output>
        </test-method> <!-- testExcecutionStart -->
        <test-method status="FAIL" signature="addItemToCart()[pri:0, instance:com.testng.SpreeTestAutomation.TestNG.CreditCardPaymentPargoTest@57536d79]" name="addItemToCart" duration-ms="64109" started-at="2016-12-13T15:03:09Z" finished-at="2016-12-13T15:04:13Z">
          <exception class="org.openqa.selenium.WebDriverException">
            <message>
              <![CDATA[unknown error: Element is not clickable at point (287, 412). Other element would receive the click: <div class="pac-container pac-logo" style="width: 491px; position: absolute; left: 43px; top: 559px;">...</div>
  (Session info: chrome=55.0.2883.75)
  (Driver info: chromedriver=2.25.426923 (0390b88869384d6eb0d5d09729679f934aab9eed),platform=Windows NT 6.1.7601 SP1 x86_64) (WARNING: The server did not provide any stacktrace information)
Command duration or timeout: 30 milliseconds
Build info: version: '2.53.0', revision: '35ae25b', time: '2016-03-15 17:00:58'
System info: host: '185-129-70-68', ip: '185.129.70.68', os.name: 'windows', os.arch: 'x86', os.version: '6.1', java.version: '1.8.0_101'
Driver info: org.openqa.selenium.chrome.ChromeDriver
Capabilities [{applicationCacheEnabled=false, rotatable=false, mobileEmulationEnabled=false, networkConnectionEnabled=false, chrome={chromedriverVersion=2.25.426923 (0390b88869384d6eb0d5d09729679f934aab9eed), userDataDir=C:\Windows\proxy\scoped_dir3140_10566}, takesHeapSnapshot=true, pageLoadStrategy=normal, databaseEnabled=false, handlesAlerts=true, hasTouchScreen=false, version=55.0.2883.75, platform=XP, browserConnectionEnabled=false, nativeEvents=true, acceptSslCerts=true, locationContextEnabled=true, webStorageEnabled=true, browserName=chrome, takesScreenshot=true, javascriptEnabled=true, cssSelectorsEnabled=true}]
Session ID: 808cc3c2fa4cc7f133b29624d32ce5c4
Command duration or timeout: 1.78 seconds
Build info: version: '3.0.0', revision: '350cf60', time: '2016-10-13 10:48:57 -0700'
System info: host: '197-86-22-158.cpt.mweb.co.za', ip: '197.86.22.158', os.name: 'Mac OS X', os.arch: 'x86_64', os.version: '10.11.4', java.version: '1.8.0_91'
Driver info: org.openqa.selenium.remote.RemoteWebDriver
Capabilities [{applicationCacheEnabled=false, rotatable=false, mobileEmulationEnabled=false, networkConnectionEnabled=false, chrome={chromedriverVersion=2.25.426923 (0390b88869384d6eb0d5d09729679f934aab9eed), userDataDir=C:\Windows\proxy\scoped_dir3140_10566}, takesHeapSnapshot=true, pageLoadStrategy=normal, databaseEnabled=false, handlesAlerts=true, hasTouchScreen=false, version=55.0.2883.75, platform=WINDOWS, browserConnectionEnabled=false, nativeEvents=true, acceptSslCerts=true, webdriver.remote.sessionid=d9f96186da1494fdfd49ac4e7886a0665bea3bdb, locationContextEnabled=true, webStorageEnabled=true, browserName=chrome, takesScreenshot=true, javascriptEnabled=true, cssSelectorsEnabled=true}]
Session ID: d9f96186da1494fdfd49ac4e7886a0665bea3bdb]]>
            </message>
            <full-stacktrace>
              <![CDATA[org.openqa.selenium.WebDriverException: unknown error: Element is not clickable at point (287, 412). Other element would receive the click: <div class="pac-container pac-logo" style="width: 491px; position: absolute; left: 43px; top: 559px;">...</div>
  (Session info: chrome=55.0.2883.75)
  (Driver info: chromedriver=2.25.426923 (0390b88869384d6eb0d5d09729679f934aab9eed),platform=Windows NT 6.1.7601 SP1 x86_64) (WARNING: The server did not provide any stacktrace information)
Command duration or timeout: 30 milliseconds
Build info: version: '2.53.0', revision: '35ae25b', time: '2016-03-15 17:00:58'
System info: host: '185-129-70-68', ip: '185.129.70.68', os.name: 'windows', os.arch: 'x86', os.version: '6.1', java.version: '1.8.0_101'
Driver info: org.openqa.selenium.chrome.ChromeDriver
Capabilities [{applicationCacheEnabled=false, rotatable=false, mobileEmulationEnabled=false, networkConnectionEnabled=false, chrome={chromedriverVersion=2.25.426923 (0390b88869384d6eb0d5d09729679f934aab9eed), userDataDir=C:\Windows\proxy\scoped_dir3140_10566}, takesHeapSnapshot=true, pageLoadStrategy=normal, databaseEnabled=false, handlesAlerts=true, hasTouchScreen=false, version=55.0.2883.75, platform=XP, browserConnectionEnabled=false, nativeEvents=true, acceptSslCerts=true, locationContextEnabled=true, webStorageEnabled=true, browserName=chrome, takesScreenshot=true, javascriptEnabled=true, cssSelectorsEnabled=true}]
Session ID: 808cc3c2fa4cc7f133b29624d32ce5c4
Command duration or timeout: 1.78 seconds
Build info: version: '3.0.0', revision: '350cf60', time: '2016-10-13 10:48:57 -0700'
System info: host: '197-86-22-158.cpt.mweb.co.za', ip: '197.86.22.158', os.name: 'Mac OS X', os.arch: 'x86_64', os.version: '10.11.4', java.version: '1.8.0_91'
Driver info: org.openqa.selenium.remote.RemoteWebDriver
Capabilities [{applicationCacheEnabled=false, rotatable=false, mobileEmulationEnabled=false, networkConnectionEnabled=false, chrome={chromedriverVersion=2.25.426923 (0390b88869384d6eb0d5d09729679f934aab9eed), userDataDir=C:\Windows\proxy\scoped_dir3140_10566}, takesHeapSnapshot=true, pageLoadStrategy=normal, databaseEnabled=false, handlesAlerts=true, hasTouchScreen=false, version=55.0.2883.75, platform=WINDOWS, browserConnectionEnabled=false, nativeEvents=true, acceptSslCerts=true, webdriver.remote.sessionid=d9f96186da1494fdfd49ac4e7886a0665bea3bdb, locationContextEnabled=true, webStorageEnabled=true, browserName=chrome, takesScreenshot=true, javascriptEnabled=true, cssSelectorsEnabled=true}]
Session ID: d9f96186da1494fdfd49ac4e7886a0665bea3bdb
	at sun.reflect.NativeConstructorAccessorImpl.newInstance0(Native Method)
	at sun.reflect.NativeConstructorAccessorImpl.newInstance(NativeConstructorAccessorImpl.java:62)
	at sun.reflect.DelegatingConstructorAccessorImpl.newInstance(DelegatingConstructorAccessorImpl.java:45)
	at java.lang.reflect.Constructor.newInstance(Constructor.java:423)
	at org.openqa.selenium.remote.ErrorHandler.createThrowable(ErrorHandler.java:216)
	at org.openqa.selenium.remote.ErrorHandler.throwIfResponseFailed(ErrorHandler.java:168)
	at org.openqa.selenium.remote.RemoteWebDriver.execute(RemoteWebDriver.java:635)
	at org.openqa.selenium.remote.RemoteWebElement.execute(RemoteWebElement.java:274)
	at org.openqa.selenium.remote.RemoteWebElement.click(RemoteWebElement.java:84)
	at com.testng.SpreeTestAutomation.Utilities.SeleniumDriver.ClickElementByID(SeleniumDriver.java:304)
	at com.testng.SpreeTestAutomation.PageObjects.ShippingPage.enterShippingAddress(ShippingPage.java:117)
	at com.testng.SpreeTestAutomation.TestNG.CreditCardPaymentPargoTest.addItemToCart(CreditCardPaymentPargoTest.java:49)
	at sun.reflect.NativeMethodAccessorImpl.invoke0(Native Method)
	at sun.reflect.NativeMethodAccessorImpl.invoke(NativeMethodAccessorImpl.java:62)
	at sun.reflect.DelegatingMethodAccessorImpl.invoke(DelegatingMethodAccessorImpl.java:43)
	at java.lang.reflect.Method.invoke(Method.java:498)
	at org.testng.internal.MethodInvocationHelper.invokeMethod(MethodInvocationHelper.java:104)
	at org.testng.internal.Invoker.invokeMethod(Invoker.java:645)
	at org.testng.internal.Invoker.invokeTestMethod(Invoker.java:851)
	at org.testng.internal.Invoker.invokeTestMethods(Invoker.java:1177)
	at org.testng.internal.TestMethodWorker.invokeTestMethods(TestMethodWorker.java:129)
	at org.testng.internal.TestMethodWorker.run(TestMethodWorker.java:112)
	at org.testng.TestRunner.privateRun(TestRunner.java:756)
	at org.testng.TestRunner.run(TestRunner.java:610)
	at org.testng.SuiteRunner.runTest(SuiteRunner.java:387)
	at org.testng.SuiteRunner.runSequentially(SuiteRunner.java:382)
	at org.testng.SuiteRunner.privateRun(SuiteRunner.java:340)
	at org.testng.SuiteRunner.run(SuiteRunner.java:289)
	at org.testng.SuiteRunnerWorker.runSuite(SuiteRunnerWorker.java:52)
	at org.testng.SuiteRunnerWorker.run(SuiteRunnerWorker.java:86)
	at org.testng.TestNG.runSuitesSequentially(TestNG.java:1293)
	at org.testng.TestNG.runSuitesLocally(TestNG.java:1218)
	at org.testng.TestNG.runSuites(TestNG.java:1133)
	at org.testng.TestNG.run(TestNG.java:1104)
	at org.testng.remote.AbstractRemoteTestNG.run(AbstractRemoteTestNG.java:132)
	at org.testng.remote.RemoteTestNG.initAndRun(RemoteTestNG.java:236)
	at org.testng.remote.RemoteTestNG.main(RemoteTestNG.java:81)
Caused by: org.openqa.selenium.remote.ScreenshotException: Screen shot has been taken
Build info: version: '3.0.0', revision: '350cf60', time: '2016-10-13 10:48:57 -0700'
System info: host: '197-86-22-158.cpt.mweb.co.za', ip: '197.86.22.158', os.name: 'Mac OS X', os.arch: 'x86_64', os.version: '10.11.4', java.version: '1.8.0_91'
Driver info: driver.version: SeleniumDriver
	at org.openqa.selenium.remote.ErrorHandler.throwIfResponseFailed(ErrorHandler.java:142)
	... 31 more
Caused by: org.openqa.selenium.WebDriverException: unknown error: Element is not clickable at point (287, 412). Other element would receive the click: <div class="pac-container pac-logo" style="width: 491px; position: absolute; left: 43px; top: 559px;">...</div>
  (Session info: chrome=55.0.2883.75)
  (Driver info: chromedriver=2.25.426923 (0390b88869384d6eb0d5d09729679f934aab9eed),platform=Windows NT 6.1.7601 SP1 x86_64) (WARNING: The server did not provide any stacktrace information)
Command duration or timeout: 30 milliseconds
Build info: version: '2.53.0', revision: '35ae25b', time: '2016-03-15 17:00:58'
System info: host: '185-129-70-68', ip: '185.129.70.68', os.name: 'windows', os.arch: 'x86', os.version: '6.1', java.version: '1.8.0_101'
Driver info: org.openqa.selenium.chrome.ChromeDriver
Capabilities [{applicationCacheEnabled=false, rotatable=false, mobileEmulationEnabled=false, networkConnectionEnabled=false, chrome={chromedriverVersion=2.25.426923 (0390b88869384d6eb0d5d09729679f934aab9eed), userDataDir=C:\Windows\proxy\scoped_dir3140_10566}, takesHeapSnapshot=true, pageLoadStrategy=normal, databaseEnabled=false, handlesAlerts=true, hasTouchScreen=false, version=55.0.2883.75, platform=XP, browserConnectionEnabled=false, nativeEvents=true, acceptSslCerts=true, locationContextEnabled=true, webStorageEnabled=true, browserName=chrome, takesScreenshot=true, javascriptEnabled=true, cssSelectorsEnabled=true}]
Session ID: 808cc3c2fa4cc7f133b29624d32ce5c4
Build info: version: '3.0.0', revision: '350cf60', time: '2016-10-13 10:48:57 -0700'
System info: host: '197-86-22-158.cpt.mweb.co.za', ip: '197.86.22.158', os.name: 'Mac OS X', os.arch: 'x86_64', os.version: '10.11.4', java.version: '1.8.0_91'
Driver info: driver.version: RemoteWebDriver
	at sun.reflect.NativeConstructorAccessorImpl.newInstance0(Native Method)
	at sun.reflect.NativeConstructorAccessorImpl.newInstance(Unknown Source)
	at sun.reflect.DelegatingConstructorAccessorImpl.newInstance(Unknown Source)
	at java.lang.reflect.Constructor.newInstance(Unknown Source)
	at org.openqa.selenium.remote.ErrorHandler.createThrowable(ErrorHandler.java:206)
	at org.openqa.selenium.remote.ErrorHandler.throwIfResponseFailed(ErrorHandler.java:158)
	at org.openqa.selenium.remote.RemoteWebDriver.execute(RemoteWebDriver.java:678)
	at org.openqa.selenium.remote.RemoteWebElement.execute(RemoteWebElement.java:327)
	at org.openqa.selenium.remote.RemoteWebElement.click(RemoteWebElement.java:85)
	at sun.reflect.GeneratedMethodAccessor21.invoke(Unknown Source)
	at sun.reflect.DelegatingMethodAccessorImpl.invoke(Unknown Source)
	at java.lang.reflect.Method.invoke(Unknown Source)
	at org.openqa.selenium.support.events.EventFiringWebDriver$EventFiringWebElement$1.invoke(EventFiringWebDriver.java:335)
	at com.sun.proxy.$Proxy4.click(Unknown Source)
	at org.openqa.selenium.support.events.EventFiringWebDriver$EventFiringWebElement.click(EventFiringWebDriver.java:348)
	at sun.reflect.GeneratedMethodAccessor21.invoke(Unknown Source)
	at sun.reflect.DelegatingMethodAccessorImpl.invoke(Unknown Source)
	at java.lang.reflect.Method.invoke(Unknown Source)
	at org.openqa.selenium.remote.server.KnownElements$1.invoke(KnownElements.java:64)
	at com.sun.proxy.$Proxy5.click(Unknown Source)
	at org.openqa.selenium.remote.server.handler.ClickElement.call(ClickElement.java:30)
	at org.openqa.selenium.remote.server.handler.ClickElement.call(ClickElement.java:1)
	at java.util.concurrent.FutureTask.run(Unknown Source)
	at org.openqa.selenium.remote.server.DefaultSession$1.run(DefaultSession.java:176)
	at java.util.concurrent.ThreadPoolExecutor.runWorker(Unknown Source)
	at java.util.concurrent.ThreadPoolExecutor$Worker.run(Unknown Source)
	at java.lang.Thread.run(Unknown Source)
]]>
            </full-stacktrace>
          </exception> <!-- org.openqa.selenium.WebDriverException -->
          <reporter-output>
          </reporter-output>
        </test-method> <!-- addItemToCart -->
        <test-method status="PASS" signature="testExcecutionEnd()[pri:0, instance:com.testng.SpreeTestAutomation.TestNG.CreditCardPaymentPargoTest@57536d79]" name="testExcecutionEnd" is-config="true" duration-ms="4070" started-at="2016-12-13T15:04:13Z" finished-at="2016-12-13T15:04:17Z">
          <reporter-output>
          </reporter-output>
        </test-method> <!-- testExcecutionEnd -->
        <test-method status="PASS" signature="testExcecutionStart()[pri:0, instance:com.testng.SpreeTestAutomation.TestNG.CreditCardPaymentPargoTest@57536d79]" name="testExcecutionStart" is-config="true" duration-ms="1" started-at="2016-12-13T15:04:17Z" finished-at="2016-12-13T15:04:17Z">
          <reporter-output>
          </reporter-output>
        </test-method> <!-- testExcecutionStart -->
        <test-method status="PASS" signature="testExcecutionEnd()[pri:0, instance:com.testng.SpreeTestAutomation.TestNG.CreditCardPaymentPargoTest@57536d79]" name="testExcecutionEnd" duration-ms="1" started-at="2016-12-13T15:04:17Z" finished-at="2016-12-13T15:04:17Z">
          <reporter-output>
          </reporter-output>
        </test-method> <!-- testExcecutionEnd -->
        <test-method status="PASS" signature="testExcecutionEnd()[pri:0, instance:com.testng.SpreeTestAutomation.TestNG.CreditCardPaymentPargoTest@57536d79]" name="testExcecutionEnd" is-config="true" duration-ms="0" started-at="2016-12-13T15:04:17Z" finished-at="2016-12-13T15:04:17Z">
          <reporter-output>
          </reporter-output>
        </test-method> <!-- testExcecutionEnd -->
        <test-method status="PASS" signature="testExcecutionStart()[pri:0, instance:com.testng.SpreeTestAutomation.TestNG.CreditCardPaymentPargoTest@57536d79]" name="testExcecutionStart" is-config="true" duration-ms="0" started-at="2016-12-13T15:04:17Z" finished-at="2016-12-13T15:04:17Z">
          <reporter-output>
          </reporter-output>
        </test-method> <!-- testExcecutionStart -->
        <test-method status="PASS" signature="testExcecutionStart()[pri:0, instance:com.testng.SpreeTestAutomation.TestNG.CreditCardPaymentPargoTest@57536d79]" name="testExcecutionStart" duration-ms="2" started-at="2016-12-13T15:04:17Z" finished-at="2016-12-13T15:04:17Z">
          <reporter-output>
          </reporter-output>
        </test-method> <!-- testExcecutionStart -->
        <test-method status="PASS" signature="testExcecutionEnd()[pri:0, instance:com.testng.SpreeTestAutomation.TestNG.CreditCardPaymentPargoTest@57536d79]" name="testExcecutionEnd" is-config="true" duration-ms="2" started-at="2016-12-13T15:04:17Z" finished-at="2016-12-13T15:04:17Z">
          <reporter-output>
          </reporter-output>
        </test-method> <!-- testExcecutionEnd -->
      </class> <!-- com.testng.SpreeTestAutomation.TestNG.CreditCardPaymentPargoTest -->
    </test> <!-- Default test -->
  </suite> <!-- Default suite -->
</testng-results>
